#
# A fatal error has been detected by the Java Runtime Environment:
#
#  Internal Error (javaCalls.cpp:51), pid=11612, tid=0x0000000000003138
#  guarantee(thread->is_Java_thread()) failed: crucial check - the VM thread cannot and must not escape to Java code
#
# JRE version: Java(TM) SE Runtime Environment (8.0_251-b08) (build 1.8.0_251-b08)
# Java VM: Java HotSpot(TM) 64-Bit Server VM (25.251-b08 mixed mode windows-amd64 compressed oops)
# Failed to write core dump. Minidumps are not enabled by default on client versions of Windows
#
# If you would like to submit a bug report, please visit:
#   http://bugreport.java.com/bugreport/crash.jsp
#

---------------  T H R E A D  ---------------

Current thread (0x0000000021729000):  VMThread [stack: 0x0000000023420000,0x0000000023520000] [id=12600]

Stack: [0x0000000023420000,0x0000000023520000]
[error occurred during error reporting (printing stack bounds), id 0xc0000005]

Native frames: (J=compiled Java code, j=interpreted, Vv=VM code, C=native code)

VM_Operation (0x0000000023e7f350): GetOrSetLocal, mode: safepoint, requested by thread 0x000000002173c000


---------------  P R O C E S S  ---------------

Java Threads: ( => current thread )
  0x00000000236fe000 JavaThread "Service Thread" daemon [_thread_blocked, id=8020, stack(0x00000000244b0000,0x00000000245b0000)]
  0x000000002366b800 JavaThread "C1 CompilerThread3" daemon [_thread_blocked, id=23440, stack(0x00000000243b0000,0x00000000244b0000)]
  0x000000002366a800 JavaThread "C2 CompilerThread2" daemon [_thread_blocked, id=9524, stack(0x00000000242b0000,0x00000000243b0000)]
  0x0000000023668000 JavaThread "C2 CompilerThread1" daemon [_thread_blocked, id=19260, stack(0x00000000241b0000,0x00000000242b0000)]
  0x0000000023661000 JavaThread "C2 CompilerThread0" daemon [_thread_blocked, id=21312, stack(0x00000000240b0000,0x00000000241b0000)]
  0x00000000235ca000 JavaThread "JDWP Command Reader" daemon [_thread_in_native, id=19976, stack(0x0000000023fb0000,0x00000000240b0000)]
  0x00000000235c8000 JavaThread "JDWP Event Helper Thread" daemon [_thread_blocked, id=13340, stack(0x0000000023eb0000,0x0000000023fb0000)]
  0x000000002173c000 JavaThread "JDWP Transport Listener: dt_socket" daemon [_thread_blocked, id=9176, stack(0x0000000023d80000,0x0000000023e80000)]
  0x0000000023567000 JavaThread "Attach Listener" daemon [_thread_blocked, id=10244, stack(0x0000000023c80000,0x0000000023d80000)]
  0x0000000023566000 JavaThread "Signal Dispatcher" daemon [_thread_blocked, id=27044, stack(0x0000000023b80000,0x0000000023c80000)]
  0x000000000328b000 JavaThread "Finalizer" daemon [_thread_blocked, id=9432, stack(0x0000000023a20000,0x0000000023b20000)]
  0x0000000023540800 JavaThread "Reference Handler" daemon [_thread_blocked, id=16664, stack(0x0000000023920000,0x0000000023a20000)]
  0x0000000003194000 JavaThread "main" [_thread_blocked, id=22376, stack(0x0000000002ec0000,0x0000000002fc0000)]

Other Threads:
=>0x0000000021729000 VMThread [stack: 0x0000000023420000,0x0000000023520000] [id=12600]
  0x0000000023712800 WatcherThread [stack: 0x00000000245b0000,0x00000000246b0000] [id=17524]

VM state:at safepoint (normal execution)

VM Mutex/Monitor currently owned by a thread:  ([mutex/lock_event])
[0x0000000003190fd0] Threads_lock - owner thread: 0x0000000021729000

heap address: 0x0000000642000000, size: 6112 MB, Compressed Oops mode: Zero based, Oop shift amount: 3
Narrow klass base: 0x0000000000000000, Narrow klass shift: 3
Compressed class space size: 1073741824 Address: 0x00000007c0000000

Heap:
 PSYoungGen      total 114176K, used 11804K [0x0000000740b00000, 0x0000000748a00000, 0x00000007c0000000)
  eden space 98304K, 12% used [0x0000000740b00000,0x0000000741687060,0x0000000746b00000)
  from space 15872K, 0% used [0x0000000747a80000,0x0000000747a80000,0x0000000748a00000)
  to   space 15872K, 0% used [0x0000000746b00000,0x0000000746b00000,0x0000000747a80000)
 ParOldGen       total 261120K, used 0K [0x0000000642000000, 0x0000000651f00000, 0x0000000740b00000)
  object space 261120K, 0% used [0x0000000642000000,0x0000000642000000,0x0000000651f00000)
 Metaspace       used 4941K, capacity 5284K, committed 5504K, reserved 1056768K
  class space    used 566K, capacity 595K, committed 640K, reserved 1048576K

Card table byte_map: [0x0000000012650000,0x0000000013250000] byte_map_base: 0x000000000f440000

Marking Bits: (ParMarkBitMap*) 0x000000006390af90
 Begin Bits: [0x0000000014250000, 0x000000001a1d0000)
 End Bits:   [0x000000001a1d0000, 0x0000000020150000)

Polling page: 0x00000000012c0000

CodeCache: size=245760Kb used=1740Kb max_used=1753Kb free=244019Kb
 bounds [0x0000000003290000, 0x0000000003500000, 0x0000000012290000]
 total_blobs=526 nmethods=264 adapters=183
 compilation: enabled

Compilation events (10 events):
Event: 0.505 Thread 0x000000002366b800 nmethod 260 0x000000000343ec50 code [0x000000000343eee0, 0x0000000003440008]
Event: 0.505 Thread 0x000000002366b800  261       3       java.util.zip.InflaterInputStream::ensureOpen (18 bytes)
Event: 0.505 Thread 0x000000002366b800 nmethod 261 0x00000000034409d0 code [0x0000000003440b40, 0x0000000003440da8]
Event: 0.505 Thread 0x000000002366b800  262   !   3       java.net.URL::set (114 bytes)
Event: 0.506 Thread 0x000000002366b800 nmethod 262 0x0000000003440e90 code [0x0000000003441080, 0x0000000003441cd8]
Event: 0.506 Thread 0x000000002366b800  263       3       com.intellij.rt.execution.junit.MapSerializerUtil$1::escape (124 bytes)
Event: 0.506 Thread 0x000000002366b800 nmethod 263 0x0000000003442350 code [0x00000000034424c0, 0x0000000003442730]
Event: 0.507 Thread 0x000000002366b800  264       3       java.lang.String::lastIndexOf (151 bytes)
Event: 0.507 Thread 0x000000002366b800 nmethod 264 0x00000000034427d0 code [0x0000000003442980, 0x0000000003442ef0]
Event: 0.511 Thread 0x0000000023668000 nmethod 257% 0x00000000034466d0 code [0x0000000003446820, 0x0000000003446f18]

GC Heap History (0 events):
No events

Deoptimization events (0 events):
No events

Classes redefined (8 events):
Event: 40.938 Thread 0x0000000021729000 redefined class name=leetcode.editor.cn.B_LongestSubstringWithoutRepeatingCharacters$Solution, count=1
Event: 40.938 Thread 0x0000000021729000 redefined class name=leetcode.editor.cn.B_LongestSubstringWithoutRepeatingCharacters, count=1
Event: 93.438 Thread 0x0000000021729000 redefined class name=leetcode.editor.cn.B_LongestSubstringWithoutRepeatingCharacters$Solution, count=2
Event: 93.439 Thread 0x0000000021729000 redefined class name=leetcode.editor.cn.B_LongestSubstringWithoutRepeatingCharacters, count=2
Event: 174.579 Thread 0x0000000021729000 redefined class name=leetcode.editor.cn.B_LongestSubstringWithoutRepeatingCharacters$Solution, count=3
Event: 174.580 Thread 0x0000000021729000 redefined class name=leetcode.editor.cn.B_LongestSubstringWithoutRepeatingCharacters, count=3
Event: 278.047 Thread 0x0000000021729000 redefined class name=leetcode.editor.cn.B_LongestSubstringWithoutRepeatingCharacters$Solution, count=4
Event: 278.047 Thread 0x0000000021729000 redefined class name=leetcode.editor.cn.B_LongestSubstringWithoutRepeatingCharacters, count=4

Internal exceptions (7 events):
Event: 0.035 Thread 0x0000000003194000 Exception <a 'java/lang/NoSuchMethodError': Method sun.misc.Unsafe.defineClass(Ljava/lang/String;[BII)Ljava/lang/Class; name or signature does not match> (0x0000000740b07cc0) thrown at [C:\jenkins\workspace\8-2-build-windows-amd64-cygwin\jdk8u251\737\hots
Event: 0.035 Thread 0x0000000003194000 Exception <a 'java/lang/NoSuchMethodError': Method sun.misc.Unsafe.prefetchRead(Ljava/lang/Object;J)V name or signature does not match> (0x0000000740b07fa8) thrown at [C:\jenkins\workspace\8-2-build-windows-amd64-cygwin\jdk8u251\737\hotspot\src\share\vm\p
Event: 0.311 Thread 0x0000000003194000 Exception <a 'java/io/FileNotFoundException'> (0x0000000740f5b730) thrown at [C:\jenkins\workspace\8-2-build-windows-amd64-cygwin\jdk8u251\737\hotspot\src\share\vm\prims\jni.cpp, line 710]
Event: 0.463 Thread 0x0000000003194000 Exception <a 'java/security/PrivilegedActionException'> (0x00000007414c3918) thrown at [C:\jenkins\workspace\8-2-build-windows-amd64-cygwin\jdk8u251\737\hotspot\src\share\vm\prims\jvm.cpp, line 1502]
Event: 0.464 Thread 0x0000000003194000 Exception <a 'java/security/PrivilegedActionException'> (0x00000007414c3d10) thrown at [C:\jenkins\workspace\8-2-build-windows-amd64-cygwin\jdk8u251\737\hotspot\src\share\vm\prims\jvm.cpp, line 1502]
Event: 0.466 Thread 0x0000000003194000 Exception <a 'java/security/PrivilegedActionException'> (0x00000007414c7ff0) thrown at [C:\jenkins\workspace\8-2-build-windows-amd64-cygwin\jdk8u251\737\hotspot\src\share\vm\prims\jvm.cpp, line 1502]
Event: 0.466 Thread 0x0000000003194000 Exception <a 'java/security/PrivilegedActionException'> (0x00000007414c83e8) thrown at [C:\jenkins\workspace\8-2-build-windows-amd64-cygwin\jdk8u251\737\hotspot\src\share\vm\prims\jvm.cpp, line 1502]

Events (10 events):
Event: 278.044 Executing VM operation: ChangeBreakpoints done
Event: 278.044 Executing VM operation: ChangeBreakpoints
Event: 278.044 Executing VM operation: ChangeBreakpoints done
Event: 278.045 Executing VM operation: RedefineClasses
Event: 278.047 Executing VM operation: RedefineClasses done
Event: 278.149 Executing VM operation: ChangeBreakpoints
Event: 278.149 Executing VM operation: ChangeBreakpoints done
Event: 278.150 Executing VM operation: ChangeBreakpoints
Event: 278.150 Executing VM operation: ChangeBreakpoints done
Event: 278.202 Executing VM operation: GetOrSetLocal


Dynamic libraries:
0x00007ff6f5b20000 - 0x00007ff6f5b57000 	C:\Program Files\Java\jdk1.8.0_251\bin\java.exe
0x00007ffa52a70000 - 0x00007ffa52c65000 	C:\WINDOWS\SYSTEM32\ntdll.dll
0x00007ffa51aa0000 - 0x00007ffa51b5d000 	C:\WINDOWS\System32\KERNEL32.DLL
0x00007ffa503d0000 - 0x00007ffa50698000 	C:\WINDOWS\System32\KERNELBASE.dll
0x00007ffa519f0000 - 0x00007ffa51a9c000 	C:\WINDOWS\System32\ADVAPI32.dll
0x00007ffa50bb0000 - 0x00007ffa50c4e000 	C:\WINDOWS\System32\msvcrt.dll
0x00007ffa51f20000 - 0x00007ffa51fbb000 	C:\WINDOWS\System32\sechost.dll
0x00007ffa52900000 - 0x00007ffa52a2b000 	C:\WINDOWS\System32\RPCRT4.dll
0x00007ffa52130000 - 0x00007ffa522d0000 	C:\WINDOWS\System32\USER32.dll
0x00007ffa501e0000 - 0x00007ffa50202000 	C:\WINDOWS\System32\win32u.dll
0x00007ffa519c0000 - 0x00007ffa519ea000 	C:\WINDOWS\System32\GDI32.dll
0x00007ffa50260000 - 0x00007ffa5036b000 	C:\WINDOWS\System32\gdi32full.dll
0x00007ffa50930000 - 0x00007ffa509cd000 	C:\WINDOWS\System32\msvcp_win.dll
0x00007ffa509d0000 - 0x00007ffa50ad0000 	C:\WINDOWS\System32\ucrtbase.dll
0x00007ffa3add0000 - 0x00007ffa3b06a000 	C:\WINDOWS\WinSxS\amd64_microsoft.windows.common-controls_6595b64144ccf1df_6.0.19041.844_none_ca00b6081b84eb1d\COMCTL32.dll
0x00007ffa520a0000 - 0x00007ffa520d0000 	C:\WINDOWS\System32\IMM32.DLL
0x00007ffa06f70000 - 0x00007ffa06f9b000 	C:\Program Files\MacType\MacType64.dll
0x00007ffa06fa0000 - 0x00007ffa06ff6000 	C:\Program Files\MacType\Easyhk64.dll
0x00007ffa06e60000 - 0x00007ffa06f6e000 	C:\Program Files\MacType\MacType64.Core.dll
0x00007ffa4c950000 - 0x00007ffa4cf10000 	C:\WINDOWS\SYSTEM32\d2d1.dll
0x00007ffa3e650000 - 0x00007ffa3e8cf000 	C:\WINDOWS\SYSTEM32\dwrite.dll
0x00007ffa50750000 - 0x00007ffa507d0000 	C:\WINDOWS\System32\bcryptPrimitives.dll
0x0000000063990000 - 0x0000000063a62000 	C:\Program Files\Java\jdk1.8.0_251\jre\bin\msvcr100.dll
0x00000000630e0000 - 0x000000006398b000 	C:\Program Files\Java\jdk1.8.0_251\jre\bin\server\jvm.dll
0x00007ffa50c50000 - 0x00007ffa50c58000 	C:\WINDOWS\System32\PSAPI.DLL
0x00007ffa306e0000 - 0x00007ffa306e9000 	C:\WINDOWS\SYSTEM32\WSOCK32.dll
0x00007ffa43320000 - 0x00007ffa4332a000 	C:\WINDOWS\SYSTEM32\VERSION.dll
0x00007ffa332d0000 - 0x00007ffa332f7000 	C:\WINDOWS\SYSTEM32\WINMM.dll
0x00007ffa51e50000 - 0x00007ffa51ebb000 	C:\WINDOWS\System32\WS2_32.dll
0x00007ffa2c2c0000 - 0x00007ffa2c2cf000 	C:\Program Files\Java\jdk1.8.0_251\jre\bin\verify.dll
0x00007ffa24500000 - 0x00007ffa24529000 	C:\Program Files\Java\jdk1.8.0_251\jre\bin\java.dll
0x00007ffa27f40000 - 0x00007ffa27f75000 	C:\Program Files\Java\jdk1.8.0_251\jre\bin\jdwp.dll
0x00007ffa4d660000 - 0x00007ffa4d668000 	C:\Program Files\Java\jdk1.8.0_251\jre\bin\npt.dll
0x00007ffa49700000 - 0x00007ffa49723000 	C:\Program Files\Java\jdk1.8.0_251\jre\bin\instrument.dll
0x00007ffa2b8e0000 - 0x00007ffa2b8f6000 	C:\Program Files\Java\jdk1.8.0_251\jre\bin\zip.dll
0x00007ffa50e00000 - 0x00007ffa51542000 	C:\WINDOWS\System32\SHELL32.dll
0x00007ffa4e310000 - 0x00007ffa4eaa1000 	C:\WINDOWS\SYSTEM32\windows.storage.dll
0x00007ffa525a0000 - 0x00007ffa528f5000 	C:\WINDOWS\System32\combase.dll
0x00007ffa4fc20000 - 0x00007ffa4fc4c000 	C:\WINDOWS\SYSTEM32\Wldp.dll
0x00007ffa51b60000 - 0x00007ffa51c0e000 	C:\WINDOWS\System32\SHCORE.dll
0x00007ffa51ec0000 - 0x00007ffa51f15000 	C:\WINDOWS\System32\shlwapi.dll
0x00007ffa500f0000 - 0x00007ffa5010f000 	C:\WINDOWS\SYSTEM32\profapi.dll
0x00007ffa496a0000 - 0x00007ffa496a9000 	C:\Program Files\Java\jdk1.8.0_251\jre\bin\dt_socket.dll
0x00007ffa40770000 - 0x00007ffa40790000 	C:\WINDOWS\system32\PrxerDrv.dll
0x00007ffa4f910000 - 0x00007ffa4f97a000 	C:\WINDOWS\system32\mswsock.dll
0x00007ffa40b20000 - 0x00007ffa40b3c000 	C:\WINDOWS\System32\PrxerNsp.dll

VM Arguments:
jvm_args: -agentlib:jdwp=transport=dt_socket,address=127.0.0.1:6685,suspend=y,server=n -ea -Didea.test.cyclic.buffer.size=1048576 -javaagent:C:\Users\nuc\AppData\Local\JetBrains\IntelliJIdea2020.2\captureAgent\debugger-agent.jar -Dfile.encoding=UTF-8 
java_command: com.intellij.rt.junit.JUnitStarter -ideVersion5 -junit4 leetcode.editor.cn.B_LongestSubstringWithoutRepeatingCharacters
java_class_path (initial): C:\Program Files\JetBrains\IntelliJ IDEA 2020.2.2\lib\idea_rt.jar;C:\Program Files\JetBrains\IntelliJ IDEA 2020.2.2\plugins\junit\lib\junit5-rt.jar;C:\Program Files\JetBrains\IntelliJ IDEA 2020.2.2\plugins\junit\lib\junit-rt.jar;C:\Program Files\Java\jdk1.8.0_251\jre\lib\charsets.jar;C:\Program Files\Java\jdk1.8.0_251\jre\lib\deploy.jar;C:\Program Files\Java\jdk1.8.0_251\jre\lib\ext\access-bridge-64.jar;C:\Program Files\Java\jdk1.8.0_251\jre\lib\ext\cldrdata.jar;C:\Program Files\Java\jdk1.8.0_251\jre\lib\ext\dnsns.jar;C:\Program Files\Java\jdk1.8.0_251\jre\lib\ext\jaccess.jar;C:\Program Files\Java\jdk1.8.0_251\jre\lib\ext\jfxrt.jar;C:\Program Files\Java\jdk1.8.0_251\jre\lib\ext\localedata.jar;C:\Program Files\Java\jdk1.8.0_251\jre\lib\ext\nashorn.jar;C:\Program Files\Java\jdk1.8.0_251\jre\lib\ext\sunec.jar;C:\Program Files\Java\jdk1.8.0_251\jre\lib\ext\sunjce_provider.jar;C:\Program Files\Java\jdk1.8.0_251\jre\lib\ext\sunmscapi.jar;C:\Program Files\Java\jdk1.8.0_251\jre\lib\ext\sunpkcs11.jar;C:\Program Files\Java\jdk1.8.0_251\jre\lib\ext\zipfs.jar;C:\Program Files\Java\jdk1.8.0_251\jre\lib\javaws.jar;C:\Program Files\Java\jdk1.8.0_251\jre\lib\jce.jar;C:\Program Files\Java\jdk1.8.0_251\jre\lib\jfr.jar;C:\Program Files\Java\jdk1.8.0_251\jre\lib\jfxswt.jar;C:\Program Files\Java\jdk1.8.0_251\jre\lib\jsse.jar;C:\Program Files\Java\jdk1.8.0_251\jre\lib\management-agent.jar;C:\Program Files\Java\jdk1.8.0_251\jre\lib\plugin.jar;C:\Program Files\Java\jdk1.8.0_251\jre\lib\resources.jar;C:\Program Files\Java\jdk1.8.0_251\jre\lib\rt.jar;D:\CODE\LeetCode\out\production\DataStructure&Algorithm;C:\Users\nuc\.m2\repository\junit\junit\4.12\junit-4.12.jar;C:\Users\nuc\.m2\repository\org\hamcrest\hamcrest-core\1.3\hamcrest-core-1.3.jar;C:\Users\nuc\AppData\Local\JetBrains\IntelliJIdea2020.2\captureAgent\debugger-agent.jar
Launcher Type: SUN_STANDARD

Environment Variables:
JAVA_HOME=C:\Program Files\Java\jdk1.8.0_251
CLASSPATH=.;C:\Program Files\Java\jdk1.8.0_251\lib\dt.jar;C:\Program Files\Java\jdk1.8.0_251\lib\tools.jar; 
PATH=C:\Program Files (x86)\NVIDIA Corporation\PhysX\Common;C:\Program Files (x86)\Common Files\Oracle\Java\javapath;C:\WINDOWS\system32;C:\WINDOWS;C:\WINDOWS\System32\Wbem;C:\WINDOWS\System32\WindowsPowerShell\v1.0\;C:\WINDOWS\System32\OpenSSH\;C:\Program Files\MATLAB\R2016a\runtime\win64;C:\Program Files\MATLAB\R2016a\bin;C:\Program Files\MATLAB\R2016a\polyspace\bin;C:\Program Files\Git\cmd;C:\Program Files\Microsoft SQL Server\Client SDK\ODBC\110\Tools\Binn\;C:\Program Files (x86)\Microsoft SQL Server\120\Tools\Binn\;C:\Program Files\Microsoft SQL Server\120\Tools\Binn\;C:\Program Files\Microsoft SQL Server\120\DTS\Binn\;C:\Program Files (x86)\Windows Kits\8.1\Windows Performance Toolkit\;C:\Python27\;C:\Python27\Scripts\;C:\Program Files\Java\jdk1.8.0_251\bin;C:\ProgramData\chocolatey\bin;C:\Program Files\dotnet\;C:\Program Files (x86)\PuTTy\;C:\Program Files (x86)\ZeroTier\One\;D:\Tools\rclone-v1.53.3-windows-amd64\;D:\Tools\ossutil64\;D:\Tools\mysql\bin;C:\Program Files\Java\jdk1.8.0_251\bin;C:\Program Files\Java\jdk1.8.0_251\jre\bin;D:\Tools\codeTools\apache-maven-3.5.2\bin;D:\Tools\codeTools\mongodb\bin;D:\JavaProject\xcEdu\nginx-1.14.0;C:\Users\nuc\AppData\Roaming\npm\node_modules;C:\Program Files\nodejs\;C:\Users\nuc\AppData\Local\Programs\Python\Python38\Scripts\;C:\Users\nuc\AppData\Local\Programs\Python\Python38\;C:\Users\nuc\AppData\Local\Microsoft\WindowsApps;C:\Users\nuc\AppData\Local\Programs\Microsoft VS Code\bin;C:\Program Files\Java\jdk1.8.0_251\bin\;C:\ProgramData\Anaconda3\Scripts\;C:\Program Files\Bandizip\;C:\Users\nuc\.dotnet\tools;C:\Users\nuc\AppData\Roaming\npm\node_modules\electron\dist\;C:\Users\nuc\AppData\Roaming\npm
USERNAME=nuc
OS=Windows_NT
PROCESSOR_IDENTIFIER=Intel64 Family 6 Model 142 Stepping 10, GenuineIntel



---------------  S Y S T E M  ---------------

OS: Windows 10.0 , 64 bit Build 19041 (10.0.19041.928)

CPU:total 8 (initial active 8) (4 cores per cpu, 2 threads per core) family 6 model 142 stepping 10, cmov, cx8, fxsr, mmx, sse, sse2, sse3, ssse3, sse4.1, sse4.2, popcnt, avx, avx2, aes, clmul, erms, 3dnowpref, lzcnt, ht, tsc, tscinvbit, bmi1, bmi2, adx

Memory: 4k page, physical 25027760k(11590108k free), swap 38659248k(9104448k free)

vm_info: Java HotSpot(TM) 64-Bit Server VM (25.251-b08) for windows-amd64 JRE (1.8.0_251-b08), built on Mar 12 2020 06:31:49 by "" with MS VC++ 10.0 (VS2010)

time: Wed May 12 22:46:36 2021
timezone: 中国标准时间
elapsed time: 278 seconds (0d 0h 4m 38s)

